app/build/intermediates/manifest_merge_blame_file/release/manifest-merger-blame-release-report.txt
1<?xml version="1.0" encoding="utf-8"?>
2<manifest xmlns:android="http://schemas.android.com/apk/res/android"
3    package="com.royalenfield.recieverapp"
4    android:versionCode="1"
5    android:versionName="2.5" >
6
7    <uses-sdk
8        android:minSdkVersion="26"
8-->src/main/AndroidManifest.xml
9        android:targetSdkVersion="33" />
9-->src/main/AndroidManifest.xml
10
11    <uses-permission android:name="android.permission.INTERNET" />
11-->src/main/AndroidManifest.xml:5:5-67
11-->src/main/AndroidManifest.xml:5:22-64
12    <uses-permission android:name="android.permission.WAKE_LOCK" />
12-->src/main/AndroidManifest.xml:6:5-68
12-->src/main/AndroidManifest.xml:6:22-65
13    <uses-permission android:name="android.permission.ACCESS_NETWORK_STATE" />
13-->src/main/AndroidManifest.xml:7:5-79
13-->src/main/AndroidManifest.xml:7:22-76
14    <uses-permission android:name="android.permission.READ_PHONE_STATE" />
14-->src/main/AndroidManifest.xml:8:5-75
14-->src/main/AndroidManifest.xml:8:22-72
15    <uses-permission android:name="android.permission.ACCESS_FINE_LOCATION" />
15-->src/main/AndroidManifest.xml:9:5-78
15-->src/main/AndroidManifest.xml:9:22-76
16    <uses-permission android:name="android.permission.ACCESS_COARSE_LOCATION" />
16-->src/main/AndroidManifest.xml:10:5-80
16-->src/main/AndroidManifest.xml:10:22-78
17
18    <permission
18-->[androidx.core:core:1.9.0] AndroidManifest.xml:22:5-24:47
19        android:name="com.royalenfield.recieverapp.DYNAMIC_RECEIVER_NOT_EXPORTED_PERMISSION"
19-->[androidx.core:core:1.9.0] AndroidManifest.xml:23:9-81
20        android:protectionLevel="signature" />
20-->[androidx.core:core:1.9.0] AndroidManifest.xml:24:9-44
21
22    <uses-permission android:name="com.royalenfield.recieverapp.DYNAMIC_RECEIVER_NOT_EXPORTED_PERMISSION" />
22-->[androidx.core:core:1.9.0] AndroidManifest.xml:26:5-97
22-->[androidx.core:core:1.9.0] AndroidManifest.xml:26:22-94
23
24    <application
24-->src/main/AndroidManifest.xml:12:5-59:19
25        android:allowBackup="true"
25-->src/main/AndroidManifest.xml:13:9-35
26        android:appComponentFactory="androidx.core.app.CoreComponentFactory"
26-->[androidx.core:core:1.9.0] AndroidManifest.xml:28:18-86
27        android:dataExtractionRules="@xml/data_extraction_rules"
27-->src/main/AndroidManifest.xml:14:9-65
28        android:extractNativeLibs="false"
29        android:fullBackupContent="@xml/backup_rules"
29-->src/main/AndroidManifest.xml:15:9-54
30        android:icon="@drawable/logo"
30-->src/main/AndroidManifest.xml:16:9-38
31        android:label="@string/app_name"
31-->src/main/AndroidManifest.xml:17:9-41
32        android:roundIcon="@drawable/logo"
32-->src/main/AndroidManifest.xml:18:9-43
33        android:supportsRtl="true"
33-->src/main/AndroidManifest.xml:19:9-35
34        android:testOnly="true"
35        android:theme="@style/Theme.RecieverApp"
35-->src/main/AndroidManifest.xml:20:9-49
36        android:usesCleartextTraffic="true" >
36-->src/main/AndroidManifest.xml:22:9-44
37        <activity
37-->src/main/AndroidManifest.xml:23:9-42:20
38            android:name="com.royalenfield.recieverapp.activity.SplashScreen"
38-->src/main/AndroidManifest.xml:24:13-50
39            android:clearTaskOnLaunch="true"
39-->src/main/AndroidManifest.xml:27:13-45
40            android:exported="true"
40-->src/main/AndroidManifest.xml:25:13-36
41            android:launchMode="singleTask"
41-->src/main/AndroidManifest.xml:26:13-44
42            android:stateNotNeeded="true" >
42-->src/main/AndroidManifest.xml:28:13-42
43            <intent-filter>
43-->src/main/AndroidManifest.xml:29:13-34:29
44                <action android:name="android.intent.action.MAIN" />
44-->src/main/AndroidManifest.xml:30:17-69
44-->src/main/AndroidManifest.xml:30:25-66
45
46                <category android:name="android.intent.category.LAUNCHER" />
46-->src/main/AndroidManifest.xml:31:17-77
46-->src/main/AndroidManifest.xml:31:27-74
47                <category android:name="android.intent.category.HOME" />
47-->src/main/AndroidManifest.xml:32:17-73
47-->src/main/AndroidManifest.xml:32:27-70
48                <category android:name="android.intent.category.DEFAULT" />
48-->src/main/AndroidManifest.xml:33:17-76
48-->src/main/AndroidManifest.xml:33:27-73
49            </intent-filter>
50
51            <meta-data
51-->src/main/AndroidManifest.xml:36:13-38:36
52                android:name="android.app.lib_name"
52-->src/main/AndroidManifest.xml:37:17-52
53                android:value="" />
53-->src/main/AndroidManifest.xml:38:17-33
54            <meta-data
54-->src/main/AndroidManifest.xml:39:13-41:61
55                android:name="preloaded_fonts"
55-->src/main/AndroidManifest.xml:40:17-47
56                android:resource="@array/preloaded_fonts" />
56-->src/main/AndroidManifest.xml:41:17-58
57        </activity>
58        <!--
59        <receiver
60            android:name=".MessageReceiver"
61            android:enabled="true"
62            android:exported="true">
63            <intent-filter>
64                <action android:name="com.royalenfield.recieverapp.CUSTOM_ACTION" />
65            </intent-filter>
66        </receiver>
67        -->
68        <activity
68-->src/main/AndroidManifest.xml:51:9-52:39
69            android:name="com.royalenfield.recieverapp.activity.MainActivity"
69-->src/main/AndroidManifest.xml:51:19-56
70            android:exported="false" />
70-->src/main/AndroidManifest.xml:52:13-37
71
72        <service
72-->src/main/AndroidManifest.xml:54:9-55:38
73            android:name="com.royalenfield.recieverapp.service.ClusterService"
73-->src/main/AndroidManifest.xml:54:18-56
74            android:exported="true" />
74-->src/main/AndroidManifest.xml:55:13-36
75
76        <meta-data
76-->src/main/AndroidManifest.xml:39:13-41:61
77            android:name="preloaded_fonts"
77-->src/main/AndroidManifest.xml:40:17-47
78            android:resource="@array/preloaded_fonts" />
78-->src/main/AndroidManifest.xml:41:17-58
79
80        <provider
80-->[androidx.emoji2:emoji2:1.2.0] AndroidManifest.xml:24:9-32:20
81            android:name="androidx.startup.InitializationProvider"
81-->[androidx.emoji2:emoji2:1.2.0] AndroidManifest.xml:25:13-67
82            android:authorities="com.royalenfield.recieverapp.androidx-startup"
82-->[androidx.emoji2:emoji2:1.2.0] AndroidManifest.xml:26:13-68
83            android:exported="false" >
83-->[androidx.emoji2:emoji2:1.2.0] AndroidManifest.xml:27:13-37
84            <meta-data
84-->[androidx.emoji2:emoji2:1.2.0] AndroidManifest.xml:29:13-31:52
85                android:name="androidx.emoji2.text.EmojiCompatInitializer"
85-->[androidx.emoji2:emoji2:1.2.0] AndroidManifest.xml:30:17-75
86                android:value="androidx.startup" />
86-->[androidx.emoji2:emoji2:1.2.0] AndroidManifest.xml:31:17-49
87            <meta-data
87-->[androidx.lifecycle:lifecycle-process:2.4.1] AndroidManifest.xml:31:13-33:52
88                android:name="androidx.lifecycle.ProcessLifecycleInitializer"
88-->[androidx.lifecycle:lifecycle-process:2.4.1] AndroidManifest.xml:32:17-78
89                android:value="androidx.startup" />
89-->[androidx.lifecycle:lifecycle-process:2.4.1] AndroidManifest.xml:33:17-49
90        </provider>
91    </application>
92
93</manifest>